<?xml version="1.0" encoding="UTF-8"?>
<testng-results ignored="0" total="1" passed="1" failed="0" skipped="0">
  <reporter-output>
  </reporter-output>
  <suite started-at="2025-02-13T21:03:00 EST" name="Default suite" finished-at="2025-02-13T21:03:34 EST" duration-ms="33483">
    <groups>
    </groups>
    <test started-at="2025-02-13T21:03:00 EST" name="Default test" finished-at="2025-02-13T21:03:34 EST" duration-ms="33483">
      <class name="busyqa.tests.FinmunTests">
        <test-method is-config="true" signature="driverSetup()[pri:0, instance:busyqa.tests.FinmunTests@677dbd89]" started-at="2025-02-13T21:03:00 EST" name="driverSetup" finished-at="2025-02-13T21:03:07 EST" duration-ms="6775" status="PASS">
          <reporter-output>
          </reporter-output>
        </test-method> <!-- driverSetup -->
        <test-method signature="TestCopyWebtablesToExcelFile()[pri:0, instance:busyqa.tests.FinmunTests@677dbd89]" started-at="2025-02-13T21:03:07 EST" name="TestCopyWebtablesToExcelFile" finished-at="2025-02-13T21:03:33 EST" duration-ms="25675" status="PASS">
          <reporter-output>
          </reporter-output>
        </test-method> <!-- TestCopyWebtablesToExcelFile -->
        <test-method is-config="true" signature="closeMethod()[pri:0, instance:busyqa.tests.FinmunTests@677dbd89]" started-at="2025-02-13T21:03:33 EST" name="closeMethod" finished-at="2025-02-13T21:03:34 EST" duration-ms="968" status="PASS">
          <reporter-output>
          </reporter-output>
        </test-method> <!-- closeMethod -->
      </class> <!-- busyqa.tests.FinmunTests -->
    </test> <!-- Default test -->
  </suite> <!-- Default suite -->
</testng-results>
